<?xml version="1.0" encoding="UTF-8"?>
<!-- Generated by org.testng.reporters.JUnitXMLReporter -->
<testsuite hostname="Infva06486" ignored="0" name="TestChrome" tests="3" failures="0" timestamp="13 Mar 2019 07:49:28 GMT" time="8.72" errors="0">
  <testcase name="f1" time="2.453" classname="Day8JUnit.dependsExample"/>
  <testcase name="f2" time="0.089" classname="Day8JUnit.dependsExample"/>
  <testcase name="f3" time="2.215" classname="Day8JUnit.dependsExample"/>
</testsuite> <!-- TestChrome -->
