<?xml version="1.0" encoding="UTF-8"?>
<testng-results skipped="0" failed="0" ignored="0" total="1" passed="1">
  <reporter-output>
  </reporter-output>
  <suite name="Default suite" duration-ms="7159" started-at="2019-03-14T10:09:55Z" finished-at="2019-03-14T10:10:02Z">
    <groups>
    </groups>
    <test name="Default test" duration-ms="7159" started-at="2019-03-14T10:09:55Z" finished-at="2019-03-14T10:10:02Z">
      <class name="util.Grid">
        <test-method status="PASS" signature="f()[pri:0, instance:util.Grid@396a51ab]" name="f" duration-ms="7144" started-at="2019-03-14T15:39:55Z" finished-at="2019-03-14T15:40:02Z">
          <reporter-output>
          </reporter-output>
        </test-method> <!-- f -->
      </class> <!-- util.Grid -->
    </test> <!-- Default test -->
  </suite> <!-- Default suite -->
</testng-results>
